<?xml version="1.0" encoding="UTF-8"?>
<!-- Generated by org.testng.reporters.JUnitReportReporter -->
<testsuite hostname="DESKTOP-IJFDGV2" failures="0" tests="40" name="data.DataExcel" time="1.137" errors="0" timestamp="2025-08-09T19:30:25 IST" skipped="0">
  <testcase classname="data.DataExcel" name="testingData" time="0.028"/>
  <testcase classname="data.DataExcel" name="testingData" time="0.029"/>
  <testcase classname="data.DataExcel" name="testingData" time="0.013"/>
  <testcase classname="data.DataExcel" name="testingData" time="0.018"/>
  <testcase classname="data.DataExcel" name="testingData" time="0.018"/>
  <testcase classname="data.DataExcel" name="testingData" time="0.020"/>
  <testcase classname="data.DataExcel" name="testingData" time="0.025"/>
  <testcase classname="data.DataExcel" name="testingData" time="0.032"/>
  <testcase classname="data.DataExcel" name="testingData" time="0.025"/>
  <testcase classname="data.DataExcel" name="testingData" time="0.043"/>
  <testcase classname="data.DataExcel" name="testingData" time="0.029"/>
  <testcase classname="data.DataExcel" name="testingData" time="0.044"/>
  <testcase classname="data.DataExcel" name="testingData" time="0.044"/>
  <testcase classname="data.DataExcel" name="testingData" time="0.042"/>
  <testcase classname="data.DataExcel" name="testingData" time="0.036"/>
  <testcase classname="data.DataExcel" name="testingData" time="0.026"/>
  <testcase classname="data.DataExcel" name="testingData" time="0.017"/>
  <testcase classname="data.DataExcel" name="testingData" time="0.029"/>
  <testcase classname="data.DataExcel" name="testingData" time="0.037"/>
  <testcase classname="data.DataExcel" name="testingData" time="0.031"/>
  <testcase classname="data.DataExcel" name="testingData" time="0.010"/>
  <testcase classname="data.DataExcel" name="testingData" time="0.010"/>
  <testcase classname="data.DataExcel" name="testingData" time="0.037"/>
  <testcase classname="data.DataExcel" name="testingData" time="0.020"/>
  <testcase classname="data.DataExcel" name="testingData" time="0.012"/>
  <testcase classname="data.DataExcel" name="testingData" time="0.020"/>
  <testcase classname="data.DataExcel" name="testingData" time="0.022"/>
  <testcase classname="data.DataExcel" name="testingData" time="0.047"/>
  <testcase classname="data.DataExcel" name="testingData" time="0.021"/>
  <testcase classname="data.DataExcel" name="testingData" time="0.023"/>
  <testcase classname="data.DataExcel" name="testingData" time="0.024"/>
  <testcase classname="data.DataExcel" name="testingData" time="0.043"/>
  <testcase classname="data.DataExcel" name="testingData" time="0.046"/>
  <testcase classname="data.DataExcel" name="testingData" time="0.037"/>
  <testcase classname="data.DataExcel" name="testingData" time="0.032"/>
  <testcase classname="data.DataExcel" name="testingData" time="0.018"/>
  <testcase classname="data.DataExcel" name="testingData" time="0.041"/>
  <testcase classname="data.DataExcel" name="testingData" time="0.040"/>
  <testcase classname="data.DataExcel" name="testingData" time="0.015"/>
  <testcase classname="data.DataExcel" name="testingData" time="0.033"/>
</testsuite> <!-- data.DataExcel -->
