<?xml version="1.0" encoding="UTF-8"?>
<!-- Generated by org.testng.reporters.JUnitReportReporter -->
<testsuite hostname="DESKTOP-IJFDGV2" failures="0" tests="5" name="data.ExcelData" time="0.000" errors="5" timestamp="2025-08-09T18:55:50 IST" skipped="0">
  <testcase classname="data.ExcelData" name="getData" time="0.000">
    <error message="
Data Provider public static java.util.List data.ExcelData.excelling() throws java.io.IOException must return either Object[][] or Object[] or Iterator&lt;Object[]&gt; or Iterator&lt;Object&gt;, not interface java.util.List" type="org.testng.TestNGException">
      <![CDATA[org.testng.TestNGException: 
Data Provider public static java.util.List data.ExcelData.excelling() throws java.io.IOException must return either Object[][] or Object[] or Iterator<Object[]> or Iterator<Object>, not interface java.util.List
at org.testng.internal.invokers.MethodInvocationHelper.invokeDataProvider(MethodInvocationHelper.java:194)
at org.testng.internal.Parameters.handleParameters(Parameters.java:809)
at org.testng.internal.Parameters.handleParameters(Parameters.java:734)
at org.testng.internal.invokers.ParameterHandler.handleParameters(ParameterHandler.java:72)
at org.testng.internal.invokers.ParameterHandler.createParameters(ParameterHandler.java:51)
at org.testng.internal.invokers.TestInvoker$MethodInvocationAgent.invoke(TestInvoker.java:949)
at org.testng.internal.invokers.TestInvoker.invokeTestMethods(TestInvoker.java:203)
at org.testng.internal.invokers.TestMethodWorker.invokeTestMethods(TestMethodWorker.java:154)
at org.testng.internal.invokers.TestMethodWorker.run(TestMethodWorker.java:134)
at org.testng.internal.thread.ThreadUtil.lambda$execute$0(ThreadUtil.java:64)
at java.base/java.util.concurrent.FutureTask.run(FutureTask.java:264)
at java.base/java.util.concurrent.ThreadPoolExecutor.runWorker(ThreadPoolExecutor.java:1128)
at java.base/java.util.concurrent.ThreadPoolExecutor$Worker.run(ThreadPoolExecutor.java:628)
at java.base/java.lang.Thread.run(Thread.java:834)
]]>
    </error>
  </testcase> <!-- getData -->
  <testcase classname="data.ExcelData" name="getData" time="0.000">
    <error message="
Data Provider public static java.util.List data.ExcelData.excelling() throws java.io.IOException must return either Object[][] or Object[] or Iterator&lt;Object[]&gt; or Iterator&lt;Object&gt;, not interface java.util.List" type="org.testng.TestNGException">
      <![CDATA[org.testng.TestNGException: 
Data Provider public static java.util.List data.ExcelData.excelling() throws java.io.IOException must return either Object[][] or Object[] or Iterator<Object[]> or Iterator<Object>, not interface java.util.List
at org.testng.internal.invokers.MethodInvocationHelper.invokeDataProvider(MethodInvocationHelper.java:194)
at org.testng.internal.Parameters.handleParameters(Parameters.java:809)
at org.testng.internal.Parameters.handleParameters(Parameters.java:734)
at org.testng.internal.invokers.ParameterHandler.handleParameters(ParameterHandler.java:72)
at org.testng.internal.invokers.ParameterHandler.createParameters(ParameterHandler.java:51)
at org.testng.internal.invokers.TestInvoker$MethodInvocationAgent.invoke(TestInvoker.java:949)
at org.testng.internal.invokers.TestInvoker.invokeTestMethods(TestInvoker.java:203)
at org.testng.internal.invokers.TestMethodWorker.invokeTestMethods(TestMethodWorker.java:154)
at org.testng.internal.invokers.TestMethodWorker.run(TestMethodWorker.java:134)
at org.testng.internal.thread.ThreadUtil.lambda$execute$0(ThreadUtil.java:64)
at java.base/java.util.concurrent.FutureTask.run(FutureTask.java:264)
at java.base/java.util.concurrent.ThreadPoolExecutor.runWorker(ThreadPoolExecutor.java:1128)
at java.base/java.util.concurrent.ThreadPoolExecutor$Worker.run(ThreadPoolExecutor.java:628)
at java.base/java.lang.Thread.run(Thread.java:834)
]]>
    </error>
  </testcase> <!-- getData -->
  <testcase classname="data.ExcelData" name="getData" time="0.000">
    <error message="
Data Provider public static java.util.List data.ExcelData.excelling() throws java.io.IOException must return either Object[][] or Object[] or Iterator&lt;Object[]&gt; or Iterator&lt;Object&gt;, not interface java.util.List" type="org.testng.TestNGException">
      <![CDATA[org.testng.TestNGException: 
Data Provider public static java.util.List data.ExcelData.excelling() throws java.io.IOException must return either Object[][] or Object[] or Iterator<Object[]> or Iterator<Object>, not interface java.util.List
at org.testng.internal.invokers.MethodInvocationHelper.invokeDataProvider(MethodInvocationHelper.java:194)
at org.testng.internal.Parameters.handleParameters(Parameters.java:809)
at org.testng.internal.Parameters.handleParameters(Parameters.java:734)
at org.testng.internal.invokers.ParameterHandler.handleParameters(ParameterHandler.java:72)
at org.testng.internal.invokers.ParameterHandler.createParameters(ParameterHandler.java:51)
at org.testng.internal.invokers.TestInvoker$MethodInvocationAgent.invoke(TestInvoker.java:949)
at org.testng.internal.invokers.TestInvoker.invokeTestMethods(TestInvoker.java:203)
at org.testng.internal.invokers.TestMethodWorker.invokeTestMethods(TestMethodWorker.java:154)
at org.testng.internal.invokers.TestMethodWorker.run(TestMethodWorker.java:134)
at org.testng.internal.thread.ThreadUtil.lambda$execute$0(ThreadUtil.java:64)
at java.base/java.util.concurrent.FutureTask.run(FutureTask.java:264)
at java.base/java.util.concurrent.ThreadPoolExecutor.runWorker(ThreadPoolExecutor.java:1128)
at java.base/java.util.concurrent.ThreadPoolExecutor$Worker.run(ThreadPoolExecutor.java:628)
at java.base/java.lang.Thread.run(Thread.java:834)
]]>
    </error>
  </testcase> <!-- getData -->
  <testcase classname="data.ExcelData" name="getData" time="0.000">
    <error message="
Data Provider public static java.util.List data.ExcelData.excelling() throws java.io.IOException must return either Object[][] or Object[] or Iterator&lt;Object[]&gt; or Iterator&lt;Object&gt;, not interface java.util.List" type="org.testng.TestNGException">
      <![CDATA[org.testng.TestNGException: 
Data Provider public static java.util.List data.ExcelData.excelling() throws java.io.IOException must return either Object[][] or Object[] or Iterator<Object[]> or Iterator<Object>, not interface java.util.List
at org.testng.internal.invokers.MethodInvocationHelper.invokeDataProvider(MethodInvocationHelper.java:194)
at org.testng.internal.Parameters.handleParameters(Parameters.java:809)
at org.testng.internal.Parameters.handleParameters(Parameters.java:734)
at org.testng.internal.invokers.ParameterHandler.handleParameters(ParameterHandler.java:72)
at org.testng.internal.invokers.ParameterHandler.createParameters(ParameterHandler.java:51)
at org.testng.internal.invokers.TestInvoker$MethodInvocationAgent.invoke(TestInvoker.java:949)
at org.testng.internal.invokers.TestInvoker.invokeTestMethods(TestInvoker.java:203)
at org.testng.internal.invokers.TestMethodWorker.invokeTestMethods(TestMethodWorker.java:154)
at org.testng.internal.invokers.TestMethodWorker.run(TestMethodWorker.java:134)
at org.testng.internal.thread.ThreadUtil.lambda$execute$0(ThreadUtil.java:64)
at java.base/java.util.concurrent.FutureTask.run(FutureTask.java:264)
at java.base/java.util.concurrent.ThreadPoolExecutor.runWorker(ThreadPoolExecutor.java:1128)
at java.base/java.util.concurrent.ThreadPoolExecutor$Worker.run(ThreadPoolExecutor.java:628)
at java.base/java.lang.Thread.run(Thread.java:834)
]]>
    </error>
  </testcase> <!-- getData -->
  <testcase classname="data.ExcelData" name="getData" time="0.000">
    <error message="
Data Provider public static java.util.List data.ExcelData.excelling() throws java.io.IOException must return either Object[][] or Object[] or Iterator&lt;Object[]&gt; or Iterator&lt;Object&gt;, not interface java.util.List" type="org.testng.TestNGException">
      <![CDATA[org.testng.TestNGException: 
Data Provider public static java.util.List data.ExcelData.excelling() throws java.io.IOException must return either Object[][] or Object[] or Iterator<Object[]> or Iterator<Object>, not interface java.util.List
at org.testng.internal.invokers.MethodInvocationHelper.invokeDataProvider(MethodInvocationHelper.java:194)
at org.testng.internal.Parameters.handleParameters(Parameters.java:809)
at org.testng.internal.Parameters.handleParameters(Parameters.java:734)
at org.testng.internal.invokers.ParameterHandler.handleParameters(ParameterHandler.java:72)
at org.testng.internal.invokers.ParameterHandler.createParameters(ParameterHandler.java:51)
at org.testng.internal.invokers.TestInvoker$MethodInvocationAgent.invoke(TestInvoker.java:949)
at org.testng.internal.invokers.TestInvoker.invokeTestMethods(TestInvoker.java:203)
at org.testng.internal.invokers.TestMethodWorker.invokeTestMethods(TestMethodWorker.java:154)
at org.testng.internal.invokers.TestMethodWorker.run(TestMethodWorker.java:134)
at org.testng.internal.thread.ThreadUtil.lambda$execute$0(ThreadUtil.java:64)
at java.base/java.util.concurrent.FutureTask.run(FutureTask.java:264)
at java.base/java.util.concurrent.ThreadPoolExecutor.runWorker(ThreadPoolExecutor.java:1128)
at java.base/java.util.concurrent.ThreadPoolExecutor$Worker.run(ThreadPoolExecutor.java:628)
at java.base/java.lang.Thread.run(Thread.java:834)
]]>
    </error>
  </testcase> <!-- getData -->
</testsuite> <!-- data.ExcelData -->
