<?xml version="1.0" encoding="UTF-8"?>
<!-- Generated by org.testng.reporters.JUnitReportReporter -->
<testsuite hostname="DESKTOP-IJFDGV2" failures="0" tests="1" name="test.TestWorkerCreate1" time="44.706" errors="0" timestamp="2025-08-22T14:52:29 IST" skipped="0">
  <testcase classname="test.TestWorkerCreate1" name="workerCreate" time="44.706"/>
</testsuite> <!-- test.TestWorkerCreate1 -->
