<?xml version="1.0" encoding="UTF-8"?>
<!-- Generated by org.testng.reporters.JUnitReportReporter -->
<testsuite hostname="DESKTOP-IJFDGV2" failures="0" tests="3" name="test.BrokenLinks" time="1.290" errors="0" timestamp="2025-08-31T20:45:57 IST" skipped="2">
  <testcase classname="test.BrokenLinks" name="name" time="1.290"/>
  <testcase classname="test.BrokenLinks" name="hiturl">
    <skipped/>
  </testcase> <!-- hiturl -->
  <testcase classname="test.BrokenLinks" name="dynamicWeb">
    <skipped/>
  </testcase> <!-- dynamicWeb -->
</testsuite> <!-- test.BrokenLinks -->
